Performing C SOURCE FILE Test CMAKE_HAVE_LIBC_PTHREAD failed with the following output:
Change Dir: /ccs/home/ssingh37/torch_sputnik/build/CMakeFiles/CMakeTmp

Run Build Command(s):/usr/bin/gmake -f Makefile cmTC_7e2b5/fast && /usr/bin/gmake  -f CMakeFiles/cmTC_7e2b5.dir/build.make CMakeFiles/cmTC_7e2b5.dir/build
gmake[1]: Entering directory '/autofs/nccs-svm1_home1/ssingh37/torch_sputnik/build/CMakeFiles/CMakeTmp'
Building C object CMakeFiles/cmTC_7e2b5.dir/src.c.o
/usr/bin/gcc -DCMAKE_HAVE_LIBC_PTHREAD   -o CMakeFiles/cmTC_7e2b5.dir/src.c.o -c /ccs/home/ssingh37/torch_sputnik/build/CMakeFiles/CMakeTmp/src.c
Linking C executable cmTC_7e2b5
/autofs/nccs-svm1_sw/summit/spack-envs/base/opt/linux-rhel8-ppc64le/gcc-8.3.1/cmake-3.23.2-jwqghrfxvfhuozlioasit4bvncwg5yff/bin/cmake -E cmake_link_script CMakeFiles/cmTC_7e2b5.dir/link.txt --verbose=1
/usr/bin/gcc -rdynamic CMakeFiles/cmTC_7e2b5.dir/src.c.o -o cmTC_7e2b5 
CMakeFiles/cmTC_7e2b5.dir/src.c.o: In function `main':
src.c:(.text+0x64): undefined reference to `pthread_create'
src.c:(.text+0x74): undefined reference to `pthread_detach'
src.c:(.text+0x84): undefined reference to `pthread_cancel'
src.c:(.text+0x98): undefined reference to `pthread_join'
/usr/bin/ld: link errors found, deleting executable `cmTC_7e2b5'
collect2: error: ld returned 1 exit status
gmake[1]: *** [CMakeFiles/cmTC_7e2b5.dir/build.make:99: cmTC_7e2b5] Error 1
gmake[1]: Leaving directory '/autofs/nccs-svm1_home1/ssingh37/torch_sputnik/build/CMakeFiles/CMakeTmp'
gmake: *** [Makefile:127: cmTC_7e2b5/fast] Error 2


Source file was:
#include <pthread.h>

static void* test_func(void* data)
{
  return data;
}

int main(void)
{
  pthread_t thread;
  pthread_create(&thread, NULL, test_func, NULL);
  pthread_detach(thread);
  pthread_cancel(thread);
  pthread_join(thread, NULL);
  pthread_atfork(NULL, NULL, NULL);
  pthread_exit(NULL);

  return 0;
}

Determining if the function pthread_create exists in the pthreads failed with the following output:
Change Dir: /ccs/home/ssingh37/torch_sputnik/build/CMakeFiles/CMakeTmp

Run Build Command(s):/usr/bin/gmake -f Makefile cmTC_973bb/fast && /usr/bin/gmake  -f CMakeFiles/cmTC_973bb.dir/build.make CMakeFiles/cmTC_973bb.dir/build
gmake[1]: Entering directory '/autofs/nccs-svm1_home1/ssingh37/torch_sputnik/build/CMakeFiles/CMakeTmp'
Building C object CMakeFiles/cmTC_973bb.dir/CheckFunctionExists.c.o
/usr/bin/gcc   -DCHECK_FUNCTION_EXISTS=pthread_create -o CMakeFiles/cmTC_973bb.dir/CheckFunctionExists.c.o -c /autofs/nccs-svm1_sw/summit/spack-envs/base/opt/linux-rhel8-ppc64le/gcc-8.3.1/cmake-3.23.2-jwqghrfxvfhuozlioasit4bvncwg5yff/share/cmake-3.23/Modules/CheckFunctionExists.c
Linking C executable cmTC_973bb
/autofs/nccs-svm1_sw/summit/spack-envs/base/opt/linux-rhel8-ppc64le/gcc-8.3.1/cmake-3.23.2-jwqghrfxvfhuozlioasit4bvncwg5yff/bin/cmake -E cmake_link_script CMakeFiles/cmTC_973bb.dir/link.txt --verbose=1
/usr/bin/gcc  -DCHECK_FUNCTION_EXISTS=pthread_create -rdynamic CMakeFiles/cmTC_973bb.dir/CheckFunctionExists.c.o -o cmTC_973bb  -lpthreads 
/usr/bin/ld: cannot find -lpthreads
collect2: error: ld returned 1 exit status
gmake[1]: *** [CMakeFiles/cmTC_973bb.dir/build.make:99: cmTC_973bb] Error 1
gmake[1]: Leaving directory '/autofs/nccs-svm1_home1/ssingh37/torch_sputnik/build/CMakeFiles/CMakeTmp'
gmake: *** [Makefile:127: cmTC_973bb/fast] Error 2



